  CasoDePrueba.cpp
  ColaPrioridadExtendidaImp.cpp
  IteradorTablero.cpp
  main.cpp
  PrioridadA.cpp
  PrioridadB.cpp
  Sistema.cpp
  SistemaTemplates.cpp
c:\users\usuario\documents\github\algoritmos2obl3\entrega3\sistema.cpp(24): error C2664: 'ColaPrioridadExtendidaImp<Puntero<NodoTablero>,int>::ColaPrioridadExtendidaImp(const ColaPrioridadExtendidaImp<Puntero<NodoTablero>,int> &)': cannot convert argument 2 from 'const Puntero<Comparacion<T>>' to 'const Comparador<T> &'
          with
          [
              T=int
          ]
          and
          [
              T=Puntero<NodoTablero>
          ]
  c:\users\usuario\documents\github\algoritmos2obl3\entrega3\sistema.cpp(24): note: Reason: cannot convert from 'const Puntero<Comparacion<T>>' to 'const Comparador<T>'
          with
          [
              T=int
          ]
          and
          [
              T=Puntero<NodoTablero>
          ]
  c:\users\usuario\documents\github\algoritmos2obl3\entrega3\sistema.cpp(24): note: No user-defined-conversion operator available that can perform this conversion, or the operator cannot be called
  Tablero.cpp
c:\users\usuario\documents\github\algoritmos2obl3\entrega3\tablero.cpp(64): error C2976: 'Iterador': too few template arguments
  c:\users\usuario\documents\github\algoritmos2obl3\framework\iterador.h(15): note: see declaration of 'Iterador'
c:\users\usuario\documents\github\algoritmos2obl3\entrega3\tablero.cpp(65): error C2143: syntax error: missing ';' before 'if'
c:\users\usuario\documents\github\algoritmos2obl3\entrega3\tablero.cpp(65): error C2059: syntax error: ')'
