c:\users\usuario\documents\github\algoritmos2obl3\entrega3\debug\colaprioridadextendidaimp.obj
c:\users\usuario\documents\github\algoritmos2obl3\entrega3\debug\prioridada.obj
c:\users\usuario\documents\github\algoritmos2obl3\entrega3\debug\tablero.obj
c:\users\usuario\documents\github\algoritmos2obl3\entrega3\debug\main.obj
c:\users\usuario\documents\github\algoritmos2obl3\entrega3\debug\sistema.obj
c:\users\usuario\documents\github\algoritmos2obl3\entrega3\debug\casodeprueba.obj
c:\users\usuario\documents\github\algoritmos2obl3\entrega3\debug\sistematemplates.obj
c:\users\usuario\documents\github\algoritmos2obl3\entrega3\debug\iteradortablero.obj
c:\users\usuario\documents\github\algoritmos2obl3\entrega3\debug\prioridadb.obj
c:\users\usuario\documents\github\algoritmos2obl3\entrega3\debug\vc140.pdb
c:\users\usuario\documents\github\algoritmos2obl3\entrega3\debug\obligatorio.ilk
c:\users\usuario\documents\github\algoritmos2obl3\entrega3\debug\obligatorio.exe
c:\users\usuario\documents\github\algoritmos2obl3\entrega3\debug\obligatorio.pdb
c:\users\usuario\documents\github\algoritmos2obl3\entrega3\debug\vc140.idb
c:\users\usuario\documents\github\algoritmos2obl3\entrega3\debug\obligatorio.tlog\cl.command.1.tlog
c:\users\usuario\documents\github\algoritmos2obl3\entrega3\debug\obligatorio.tlog\cl.read.1.tlog
c:\users\usuario\documents\github\algoritmos2obl3\entrega3\debug\obligatorio.tlog\cl.write.1.tlog
c:\users\usuario\documents\github\algoritmos2obl3\entrega3\debug\obligatorio.tlog\link.command.1.tlog
c:\users\usuario\documents\github\algoritmos2obl3\entrega3\debug\obligatorio.tlog\link.read.1.tlog
c:\users\usuario\documents\github\algoritmos2obl3\entrega3\debug\obligatorio.tlog\link.write.1.tlog
